<?xml version="1.0" encoding="UTF-8"?>
<testsuite xmlns:xsi="http://www.w3.org/2001/XMLSchema-instance" xsi:noNamespaceSchemaLocation="https://maven.apache.org/surefire/maven-surefire-plugin/xsd/surefire-test-report.xsd" version="3.0.2" name="com.ecommerce.paymentservice.PaymentServiceApplicationTests" time="1.515" tests="1" errors="0" skipped="0" failures="0" flakes="0">
  <properties>
[...]
</properties>
  <testcase name="contextLoads" classname="com.ecommerce.paymentservice.PaymentServiceApplicationTests" time="0.204">
    <system-out><![CDATA[21:48:17.357 [main] INFO org.springframework.test.context.support.AnnotationConfigContextLoaderUtils -- Could not detect default configuration classes for test class [com.ecommerce.paymentservice.PaymentServiceApplicationTests]: PaymentServiceApplicationTests does not declare any static, non-private, non-final, nested classes annotated with @Configuration.
21:48:17.394 [main] INFO org.springframework.boot.test.context.SpringBootTestContextBootstrapper -- Found @SpringBootConfiguration com.ecommerce.paymentservice.PaymentServiceApplication for test class com.ecommerce.paymentservice.PaymentServiceApplicationTests
21:48:17.420 [main] INFO org.springframework.test.context.support.AnnotationConfigContextLoaderUtils -- Could not detect default configuration classes for test class [com.ecommerce.paymentservice.PaymentServiceApplicationTests]: PaymentServiceApplicationTests does not declare any static, non-private, non-final, nested classes annotated with @Configuration.
21:48:17.420 [main] INFO org.springframework.boot.test.context.SpringBootTestContextBootstrapper -- Found @SpringBootConfiguration com.ecommerce.paymentservice.PaymentServiceApplication for test class com.ecommerce.paymentservice.PaymentServiceApplicationTests

  .   ____          _            __ _ _
 /\\ / ___'_ __ _ _(_)_ __  __ _ \ \ \ \
( ( )\___ | '_ | '_| | '_ \/ _` | \ \ \ \
 \\/  ___)| |_)| | | | | || (_| |  ) ) ) )
  '  |____| .__|_| |_|_| |_\__, | / / / /
 =========|_|==============|___/=/_/_/_/

 :: Spring Boot ::                (v4.0.5)

2026-04-03T21:48:17.532+01:00  INFO 78116 --- [payment-service] [           main] c.e.p.PaymentServiceApplicationTests     : Starting PaymentServiceApplicationTests using Java 17.0.17 with PID 78116 (started by maheendranpadmakumar in /Users/maheendranpadmakumar/Documents/Sem 2/Microservices/Project/event-driven-ecommerce/payment-service)
2026-04-03T21:48:17.533+01:00  INFO 78116 --- [payment-service] [           main] c.e.p.PaymentServiceApplicationTests     : No active profile set, falling back to 1 default profile: "default"
2026-04-03T21:48:17.709+01:00  INFO 78116 --- [payment-service] [           main] .s.d.r.c.RepositoryConfigurationDelegate : Bootstrapping Spring Data JPA repositories in DEFAULT mode.
2026-04-03T21:48:17.724+01:00  INFO 78116 --- [payment-service] [           main] .s.d.r.c.RepositoryConfigurationDelegate : Finished Spring Data repository scanning in 11 ms. Found 1 JPA repository interface.
2026-04-03T21:48:17.835+01:00  INFO 78116 --- [payment-service] [           main] org.hibernate.orm.jpa                    : HHH008540: Processing PersistenceUnitInfo [name: default]
2026-04-03T21:48:17.857+01:00  INFO 78116 --- [payment-service] [           main] org.hibernate.orm.core                   : HHH000001: Hibernate ORM core version 7.2.7.Final
2026-04-03T21:48:18.006+01:00  INFO 78116 --- [payment-service] [           main] o.s.o.j.p.SpringPersistenceUnitInfo      : No LoadTimeWeaver setup: ignoring JPA class transformer
2026-04-03T21:48:18.017+01:00  INFO 78116 --- [payment-service] [           main] com.zaxxer.hikari.HikariDataSource       : HikariPool-1 - Starting...
2026-04-03T21:48:18.085+01:00  INFO 78116 --- [payment-service] [           main] com.zaxxer.hikari.pool.HikariPool        : HikariPool-1 - Added connection org.postgresql.jdbc.PgConnection@3e8afc2d
2026-04-03T21:48:18.085+01:00  INFO 78116 --- [payment-service] [           main] com.zaxxer.hikari.HikariDataSource       : HikariPool-1 - Start completed.
2026-04-03T21:48:18.111+01:00  INFO 78116 --- [payment-service] [           main] org.hibernate.orm.connections.pooling    : HHH10001005: Database info:
	Database JDBC URL [jdbc:postgresql://localhost:5436/paymentdb]
	Database driver: PostgreSQL JDBC Driver
	Database dialect: PostgreSQLDialect
	Database version: 18.3
	Default catalog/schema: paymentdb/public
	Autocommit mode: undefined/unknown
	Isolation level: READ_COMMITTED [default READ_COMMITTED]
	JDBC fetch size: none
	Pool: DataSourceConnectionProvider
	Minimum pool size: undefined/unknown
	Maximum pool size: undefined/unknown
2026-04-03T21:48:18.367+01:00  INFO 78116 --- [payment-service] [           main] org.hibernate.orm.core                   : HHH000489: No JTA platform available (set 'hibernate.transaction.jta.platform' to enable JTA platform integration)
Hibernate: create table payment (id bigint generated by default as identity, amount float(53), order_id varchar(255), status varchar(255), primary key (id))
2026-04-03T21:48:18.398+01:00  INFO 78116 --- [payment-service] [           main] j.LocalContainerEntityManagerFactoryBean : Initialized JPA EntityManagerFactory for persistence unit 'default'
2026-04-03T21:48:18.426+01:00  INFO 78116 --- [payment-service] [           main] o.s.d.j.r.query.QueryEnhancerFactories   : Hibernate is in classpath; If applicable, HQL parser will be used.
2026-04-03T21:48:18.478+01:00  WARN 78116 --- [payment-service] [           main] JpaBaseConfiguration$JpaWebConfiguration : spring.jpa.open-in-view is enabled by default. Therefore, database queries may be performed during view rendering. Explicitly configure spring.jpa.open-in-view to disable this warning
2026-04-03T21:48:18.601+01:00  INFO 78116 --- [payment-service] [           main] c.e.p.PaymentServiceApplicationTests     : Started PaymentServiceApplicationTests in 1.161 seconds (process running for 1.499)
]]></system-out>
  </testcase>
</testsuite>